2026-06-11 23:16:58 | INFO     | __main__ | ============================================================
2026-06-11 23:16:58 | INFO     | __main__ |   Bi-Lateral Ocular Telemetry System  v2.0.0
2026-06-11 23:16:58 | INFO     | __main__ | ============================================================
2026-06-11 23:16:58 | DEBUG    | __main__ | Runtime configuration: EngineConfig(landmarks=LandmarkConfig(right_iris=468, right_canthus_inner=33, right_canthus_outer=133, left_iris=473, left_canthus_inner=362, left_canthus_outer=263), face_mesh=FaceMeshConfig(max_num_faces=1, refine_landmarks=True, min_detection_confidence=0.5, min_tracking_confidence=0.5), camera=CameraConfig(device_index=0, frame_width=0, frame_height=0, fps_target=30, flip_code=1), telemetry=TelemetryConfig(velocity_threshold_deg_s=500.0, overlay_font_scale=0.6, overlay_thickness=2, iris_dot_radius=4, anchor_dot_radius=3, export_filename='eye_movement_telemetry_report.csv'))
2026-06-11 23:16:58 | INFO     | engine | Initialising sub-systems …
2026-06-11 23:17:01 | INFO     | engine | Camera opened — resolution: 640x480 @ 30.0 fps
2026-06-11 23:17:01 | INFO     | engine | FaceMesh initialised (refine_landmarks=True).
2026-06-11 23:17:01 | DEBUG    | tracker | EyeTracker initialised — label='Right Eye', iris=468, canthus=[33, 133], threshold=500.0 deg/s
2026-06-11 23:17:01 | DEBUG    | tracker | EyeTracker initialised — label='Left Eye', iris=473, canthus=[362, 263], threshold=500.0 deg/s
2026-06-11 23:17:01 | INFO     | logger | DataLogger initialised — export target: 'eye_movement_telemetry_report.csv'
2026-06-11 23:17:01 | INFO     | engine | All sub-systems ready.
2026-06-11 23:17:01 | INFO     | engine | System active — position your face clearly in front of the camera.
2026-06-11 23:17:01 | INFO     | engine | Press 'Q' in the video window to terminate and export the telemetry log.
2026-06-11 23:17:03 | WARNING  | engine | Anomaly — Right Eye | ω=712.47 deg/s (threshold=500.0)
2026-06-11 23:17:03 | WARNING  | engine | Anomaly — Left Eye | ω=-595.90 deg/s (threshold=500.0)
2026-06-11 23:17:04 | WARNING  | engine | Anomaly — Left Eye | ω=551.88 deg/s (threshold=500.0)
2026-06-11 23:17:04 | WARNING  | engine | Anomaly — Right Eye | ω=1457.35 deg/s (threshold=500.0)
2026-06-11 23:17:05 | WARNING  | engine | Anomaly — Right Eye | ω=731.76 deg/s (threshold=500.0)
2026-06-11 23:17:05 | WARNING  | engine | Anomaly — Right Eye | ω=-909.93 deg/s (threshold=500.0)
2026-06-11 23:17:05 | WARNING  | engine | Anomaly — Right Eye | ω=-555.76 deg/s (threshold=500.0)
2026-06-11 23:17:05 | WARNING  | engine | Anomaly — Right Eye | ω=1375.50 deg/s (threshold=500.0)
2026-06-11 23:17:05 | WARNING  | engine | Anomaly — Right Eye | ω=-1817.28 deg/s (threshold=500.0)
2026-06-11 23:17:06 | WARNING  | engine | Anomaly — Right Eye | ω=913.59 deg/s (threshold=500.0)
2026-06-11 23:17:06 | WARNING  | engine | Anomaly — Right Eye | ω=-906.98 deg/s (threshold=500.0)
2026-06-11 23:17:06 | WARNING  | engine | Anomaly — Right Eye | ω=926.05 deg/s (threshold=500.0)
2026-06-11 23:17:06 | WARNING  | engine | Anomaly — Right Eye | ω=-920.62 deg/s (threshold=500.0)
2026-06-11 23:17:06 | WARNING  | engine | Anomaly — Right Eye | ω=1389.91 deg/s (threshold=500.0)
2026-06-11 23:17:06 | WARNING  | engine | Anomaly — Right Eye | ω=-897.41 deg/s (threshold=500.0)
2026-06-11 23:17:06 | WARNING  | engine | Anomaly — Left Eye | ω=-897.41 deg/s (threshold=500.0)
2026-06-11 23:17:06 | WARNING  | engine | Anomaly — Left Eye | ω=933.32 deg/s (threshold=500.0)
2026-06-11 23:17:07 | WARNING  | engine | Anomaly — Right Eye | ω=3714.15 deg/s (threshold=500.0)
2026-06-11 23:17:07 | WARNING  | engine | Anomaly — Left Eye | ω=912.99 deg/s (threshold=500.0)
2026-06-11 23:17:07 | WARNING  | engine | Anomaly — Right Eye | ω=-1783.72 deg/s (threshold=500.0)
2026-06-11 23:17:08 | WARNING  | engine | Anomaly — Right Eye | ω=-1844.53 deg/s (threshold=500.0)
2026-06-11 23:17:08 | WARNING  | engine | Anomaly — Left Eye | ω=-1646.80 deg/s (threshold=500.0)
2026-06-11 23:17:08 | WARNING  | engine | Anomaly — Left Eye | ω=-920.11 deg/s (threshold=500.0)
2026-06-11 23:17:08 | WARNING  | engine | Anomaly — Right Eye | ω=-916.56 deg/s (threshold=500.0)
2026-06-11 23:17:09 | WARNING  | engine | Anomaly — Right Eye | ω=1833.70 deg/s (threshold=500.0)
2026-06-11 23:17:09 | WARNING  | engine | Anomaly — Right Eye | ω=-721.83 deg/s (threshold=500.0)
2026-06-11 23:17:10 | WARNING  | engine | Anomaly — Right Eye | ω=559.19 deg/s (threshold=500.0)
2026-06-11 23:17:10 | WARNING  | engine | Anomaly — Right Eye | ω=561.06 deg/s (threshold=500.0)
2026-06-11 23:17:10 | WARNING  | engine | Anomaly — Right Eye | ω=-928.29 deg/s (threshold=500.0)
2026-06-11 23:17:10 | WARNING  | engine | Anomaly — Right Eye | ω=921.55 deg/s (threshold=500.0)
2026-06-11 23:17:10 | WARNING  | engine | Anomaly — Right Eye | ω=-620.22 deg/s (threshold=500.0)
2026-06-11 23:17:11 | WARNING  | engine | Anomaly — Right Eye | ω=560.66 deg/s (threshold=500.0)
2026-06-11 23:17:11 | WARNING  | engine | Anomaly — Right Eye | ω=553.55 deg/s (threshold=500.0)
2026-06-11 23:17:11 | WARNING  | engine | Anomaly — Right Eye | ω=-673.64 deg/s (threshold=500.0)
2026-06-11 23:17:11 | WARNING  | engine | Anomaly — Left Eye | ω=-3671.20 deg/s (threshold=500.0)
2026-06-11 23:17:12 | WARNING  | engine | Anomaly — Left Eye | ω=577.95 deg/s (threshold=500.0)
2026-06-11 23:17:12 | WARNING  | engine | Anomaly — Left Eye | ω=-958.49 deg/s (threshold=500.0)
2026-06-11 23:17:12 | WARNING  | engine | Anomaly — Left Eye | ω=-917.59 deg/s (threshold=500.0)
2026-06-11 23:17:12 | WARNING  | engine | Anomaly — Left Eye | ω=1846.11 deg/s (threshold=500.0)
2026-06-11 23:17:13 | WARNING  | engine | Anomaly — Right Eye | ω=-611.62 deg/s (threshold=500.0)
2026-06-11 23:17:13 | WARNING  | engine | Anomaly — Left Eye | ω=-932.02 deg/s (threshold=500.0)
2026-06-11 23:17:13 | WARNING  | engine | Anomaly — Left Eye | ω=-911.44 deg/s (threshold=500.0)
2026-06-11 23:17:13 | WARNING  | engine | Anomaly — Right Eye | ω=1368.96 deg/s (threshold=500.0)
2026-06-11 23:17:14 | WARNING  | engine | Anomaly — Left Eye | ω=561.69 deg/s (threshold=500.0)
2026-06-11 23:17:15 | WARNING  | engine | Anomaly — Right Eye | ω=938.91 deg/s (threshold=500.0)
2026-06-11 23:17:15 | WARNING  | engine | Anomaly — Right Eye | ω=1282.30 deg/s (threshold=500.0)
2026-06-11 23:17:15 | WARNING  | engine | Anomaly — Right Eye | ω=580.53 deg/s (threshold=500.0)
2026-06-11 23:17:16 | WARNING  | engine | Anomaly — Right Eye | ω=-1825.62 deg/s (threshold=500.0)
2026-06-11 23:17:16 | WARNING  | engine | Anomaly — Right Eye | ω=925.81 deg/s (threshold=500.0)
2026-06-11 23:17:16 | WARNING  | engine | Anomaly — Right Eye | ω=-707.71 deg/s (threshold=500.0)
2026-06-11 23:17:17 | WARNING  | engine | Anomaly — Right Eye | ω=1385.69 deg/s (threshold=500.0)
2026-06-11 23:17:17 | WARNING  | engine | Anomaly — Right Eye | ω=-933.36 deg/s (threshold=500.0)
2026-06-11 23:17:17 | WARNING  | engine | Anomaly — Right Eye | ω=933.44 deg/s (threshold=500.0)
2026-06-11 23:17:19 | WARNING  | engine | Anomaly — Left Eye | ω=-546.86 deg/s (threshold=500.0)
2026-06-11 23:17:19 | WARNING  | engine | Anomaly — Right Eye | ω=919.24 deg/s (threshold=500.0)
2026-06-11 23:17:19 | WARNING  | engine | Anomaly — Left Eye | ω=558.82 deg/s (threshold=500.0)
2026-06-11 23:17:20 | WARNING  | engine | Anomaly — Right Eye | ω=913.03 deg/s (threshold=500.0)
2026-06-11 23:17:20 | WARNING  | engine | Anomaly — Left Eye | ω=-557.51 deg/s (threshold=500.0)
2026-06-11 23:17:20 | WARNING  | engine | Anomaly — Right Eye | ω=732.23 deg/s (threshold=500.0)
2026-06-11 23:17:20 | WARNING  | engine | Anomaly — Right Eye | ω=-921.07 deg/s (threshold=500.0)
2026-06-11 23:17:20 | WARNING  | engine | Anomaly — Left Eye | ω=599.29 deg/s (threshold=500.0)
2026-06-11 23:17:20 | WARNING  | engine | Anomaly — Left Eye | ω=-685.05 deg/s (threshold=500.0)
2026-06-11 23:17:20 | WARNING  | engine | Anomaly — Right Eye | ω=-548.25 deg/s (threshold=500.0)
2026-06-11 23:17:21 | WARNING  | engine | Anomaly — Right Eye | ω=-904.63 deg/s (threshold=500.0)
2026-06-11 23:17:21 | WARNING  | engine | Anomaly — Right Eye | ω=-594.59 deg/s (threshold=500.0)
2026-06-11 23:17:22 | WARNING  | engine | Anomaly — Right Eye | ω=-915.50 deg/s (threshold=500.0)
2026-06-11 23:17:22 | WARNING  | engine | Anomaly — Right Eye | ω=920.85 deg/s (threshold=500.0)
2026-06-11 23:17:22 | WARNING  | engine | Anomaly — Left Eye | ω=-734.20 deg/s (threshold=500.0)
2026-06-11 23:17:22 | WARNING  | engine | Anomaly — Left Eye | ω=634.21 deg/s (threshold=500.0)
2026-06-11 23:17:22 | WARNING  | engine | Anomaly — Left Eye | ω=595.02 deg/s (threshold=500.0)
2026-06-11 23:17:23 | WARNING  | engine | Anomaly — Right Eye | ω=560.39 deg/s (threshold=500.0)
2026-06-11 23:17:23 | WARNING  | engine | Anomaly — Left Eye | ω=994.69 deg/s (threshold=500.0)
2026-06-11 23:17:23 | WARNING  | engine | Anomaly — Left Eye | ω=-599.54 deg/s (threshold=500.0)
2026-06-11 23:17:23 | WARNING  | engine | Anomaly — Left Eye | ω=-618.93 deg/s (threshold=500.0)
2026-06-11 23:17:23 | WARNING  | engine | Anomaly — Left Eye | ω=1236.00 deg/s (threshold=500.0)
2026-06-11 23:17:23 | WARNING  | engine | Anomaly — Right Eye | ω=612.42 deg/s (threshold=500.0)
2026-06-11 23:17:23 | WARNING  | engine | Anomaly — Left Eye | ω=738.31 deg/s (threshold=500.0)
2026-06-11 23:17:23 | WARNING  | engine | Anomaly — Left Eye | ω=-754.92 deg/s (threshold=500.0)
2026-06-11 23:17:23 | WARNING  | engine | Anomaly — Right Eye | ω=863.54 deg/s (threshold=500.0)
2026-06-11 23:17:23 | WARNING  | engine | Anomaly — Left Eye | ω=925.22 deg/s (threshold=500.0)
2026-06-11 23:17:23 | WARNING  | engine | Anomaly — Right Eye | ω=-812.06 deg/s (threshold=500.0)
2026-06-11 23:17:23 | WARNING  | engine | Anomaly — Left Eye | ω=-1255.00 deg/s (threshold=500.0)
2026-06-11 23:17:24 | WARNING  | engine | Anomaly — Left Eye | ω=1192.55 deg/s (threshold=500.0)
2026-06-11 23:17:24 | WARNING  | engine | Anomaly — Left Eye | ω=-1249.02 deg/s (threshold=500.0)
2026-06-11 23:17:24 | WARNING  | engine | Anomaly — Right Eye | ω=808.97 deg/s (threshold=500.0)
2026-06-11 23:17:24 | WARNING  | engine | Anomaly — Left Eye | ω=728.07 deg/s (threshold=500.0)
2026-06-11 23:17:24 | WARNING  | engine | Anomaly — Left Eye | ω=-598.59 deg/s (threshold=500.0)
2026-06-11 23:17:25 | WARNING  | engine | Anomaly — Right Eye | ω=877.28 deg/s (threshold=500.0)
2026-06-11 23:17:25 | WARNING  | engine | Anomaly — Right Eye | ω=505.70 deg/s (threshold=500.0)
2026-06-11 23:17:25 | WARNING  | engine | Anomaly — Left Eye | ω=-594.33 deg/s (threshold=500.0)
2026-06-11 23:17:25 | WARNING  | engine | Anomaly — Left Eye | ω=-943.37 deg/s (threshold=500.0)
2026-06-11 23:17:25 | WARNING  | engine | Anomaly — Right Eye | ω=625.62 deg/s (threshold=500.0)
2026-06-11 23:17:25 | WARNING  | engine | Anomaly — Left Eye | ω=673.74 deg/s (threshold=500.0)
2026-06-11 23:17:28 | WARNING  | engine | Anomaly — Right Eye | ω=805.16 deg/s (threshold=500.0)
2026-06-11 23:17:29 | WARNING  | engine | Anomaly — Right Eye | ω=-1058.04 deg/s (threshold=500.0)
2026-06-11 23:17:29 | WARNING  | engine | Anomaly — Left Eye | ω=-1651.57 deg/s (threshold=500.0)
2026-06-11 23:17:29 | WARNING  | engine | Anomaly — Left Eye | ω=-1247.39 deg/s (threshold=500.0)
2026-06-11 23:17:29 | WARNING  | engine | Anomaly — Left Eye | ω=850.32 deg/s (threshold=500.0)
2026-06-11 23:17:29 | WARNING  | engine | Anomaly — Right Eye | ω=1672.54 deg/s (threshold=500.0)
2026-06-11 23:17:29 | WARNING  | engine | Anomaly — Right Eye | ω=-620.23 deg/s (threshold=500.0)
2026-06-11 23:17:29 | WARNING  | engine | Anomaly — Left Eye | ω=-973.58 deg/s (threshold=500.0)
2026-06-11 23:17:29 | WARNING  | engine | Anomaly — Left Eye | ω=-605.89 deg/s (threshold=500.0)
2026-06-11 23:17:29 | WARNING  | engine | Anomaly — Right Eye | ω=565.09 deg/s (threshold=500.0)
2026-06-11 23:17:29 | WARNING  | engine | Anomaly — Left Eye | ω=816.24 deg/s (threshold=500.0)
2026-06-11 23:17:29 | WARNING  | engine | Anomaly — Right Eye | ω=957.87 deg/s (threshold=500.0)
2026-06-11 23:17:30 | WARNING  | engine | Anomaly — Right Eye | ω=-1293.76 deg/s (threshold=500.0)
2026-06-11 23:17:30 | WARNING  | engine | Anomaly — Left Eye | ω=-604.23 deg/s (threshold=500.0)
2026-06-11 23:17:30 | WARNING  | engine | Anomaly — Left Eye | ω=-1068.81 deg/s (threshold=500.0)
2026-06-11 23:17:30 | WARNING  | engine | Anomaly — Right Eye | ω=1964.38 deg/s (threshold=500.0)
2026-06-11 23:17:30 | WARNING  | engine | Anomaly — Right Eye | ω=-1353.30 deg/s (threshold=500.0)
2026-06-11 23:17:30 | WARNING  | engine | Anomaly — Left Eye | ω=-2959.21 deg/s (threshold=500.0)
2026-06-11 23:17:31 | WARNING  | engine | Anomaly — Left Eye | ω=996.22 deg/s (threshold=500.0)
2026-06-11 23:17:31 | WARNING  | engine | Anomaly — Right Eye | ω=1787.78 deg/s (threshold=500.0)
2026-06-11 23:17:31 | WARNING  | engine | Anomaly — Right Eye | ω=-600.42 deg/s (threshold=500.0)
2026-06-11 23:17:31 | WARNING  | engine | Anomaly — Right Eye | ω=-829.67 deg/s (threshold=500.0)
2026-06-11 23:17:31 | WARNING  | engine | Anomaly — Left Eye | ω=-1991.20 deg/s (threshold=500.0)
2026-06-11 23:17:31 | WARNING  | engine | Anomaly — Right Eye | ω=673.24 deg/s (threshold=500.0)
2026-06-11 23:17:32 | WARNING  | engine | Anomaly — Right Eye | ω=-1194.75 deg/s (threshold=500.0)
2026-06-11 23:17:32 | WARNING  | engine | Anomaly — Left Eye | ω=-874.20 deg/s (threshold=500.0)
2026-06-11 23:17:32 | WARNING  | engine | Anomaly — Left Eye | ω=-809.37 deg/s (threshold=500.0)
2026-06-11 23:17:32 | WARNING  | engine | Anomaly — Left Eye | ω=-599.26 deg/s (threshold=500.0)
2026-06-11 23:17:32 | WARNING  | engine | Anomaly — Left Eye | ω=640.84 deg/s (threshold=500.0)
2026-06-11 23:17:32 | WARNING  | engine | Anomaly — Left Eye | ω=1189.97 deg/s (threshold=500.0)
2026-06-11 23:17:32 | WARNING  | engine | Anomaly — Right Eye | ω=1008.33 deg/s (threshold=500.0)
2026-06-11 23:17:32 | WARNING  | engine | Anomaly — Left Eye | ω=930.77 deg/s (threshold=500.0)
2026-06-11 23:17:32 | WARNING  | engine | Anomaly — Right Eye | ω=1186.11 deg/s (threshold=500.0)
2026-06-11 23:17:33 | WARNING  | engine | Anomaly — Right Eye | ω=525.20 deg/s (threshold=500.0)
2026-06-11 23:17:33 | WARNING  | engine | Anomaly — Right Eye | ω=-623.37 deg/s (threshold=500.0)
2026-06-11 23:17:33 | WARNING  | engine | Anomaly — Left Eye | ω=-1123.43 deg/s (threshold=500.0)
2026-06-11 23:17:33 | WARNING  | engine | Anomaly — Right Eye | ω=505.07 deg/s (threshold=500.0)
2026-06-11 23:17:33 | WARNING  | engine | Anomaly — Right Eye | ω=932.46 deg/s (threshold=500.0)
2026-06-11 23:17:33 | WARNING  | engine | Anomaly — Left Eye | ω=-866.39 deg/s (threshold=500.0)
2026-06-11 23:17:33 | WARNING  | engine | Anomaly — Right Eye | ω=662.30 deg/s (threshold=500.0)
2026-06-11 23:17:33 | WARNING  | engine | Anomaly — Right Eye | ω=-634.88 deg/s (threshold=500.0)
2026-06-11 23:17:33 | WARNING  | engine | Anomaly — Left Eye | ω=-1231.69 deg/s (threshold=500.0)
2026-06-11 23:17:34 | WARNING  | engine | Anomaly — Left Eye | ω=-947.63 deg/s (threshold=500.0)
2026-06-11 23:17:34 | WARNING  | engine | Anomaly — Right Eye | ω=715.21 deg/s (threshold=500.0)
2026-06-11 23:17:34 | WARNING  | engine | Anomaly — Left Eye | ω=960.09 deg/s (threshold=500.0)
2026-06-11 23:17:34 | WARNING  | engine | Anomaly — Right Eye | ω=2162.24 deg/s (threshold=500.0)
2026-06-11 23:17:34 | WARNING  | engine | Anomaly — Right Eye | ω=-819.67 deg/s (threshold=500.0)
2026-06-11 23:17:34 | WARNING  | engine | Anomaly — Left Eye | ω=-1655.55 deg/s (threshold=500.0)
2026-06-11 23:17:34 | WARNING  | engine | Anomaly — Right Eye | ω=770.79 deg/s (threshold=500.0)
2026-06-11 23:17:34 | WARNING  | engine | Anomaly — Right Eye | ω=964.28 deg/s (threshold=500.0)
2026-06-11 23:17:35 | WARNING  | engine | Anomaly — Right Eye | ω=1011.19 deg/s (threshold=500.0)
2026-06-11 23:17:35 | WARNING  | engine | Anomaly — Right Eye | ω=-1507.08 deg/s (threshold=500.0)
2026-06-11 23:17:35 | WARNING  | engine | Anomaly — Left Eye | ω=-621.38 deg/s (threshold=500.0)
2026-06-11 23:17:35 | WARNING  | engine | Anomaly — Right Eye | ω=-889.10 deg/s (threshold=500.0)
2026-06-11 23:17:35 | WARNING  | engine | Anomaly — Left Eye | ω=-1185.46 deg/s (threshold=500.0)
2026-06-11 23:17:35 | WARNING  | engine | Anomaly — Left Eye | ω=-749.93 deg/s (threshold=500.0)
2026-06-11 23:17:35 | WARNING  | engine | Anomaly — Left Eye | ω=-709.31 deg/s (threshold=500.0)
2026-06-11 23:17:35 | WARNING  | engine | Anomaly — Right Eye | ω=758.20 deg/s (threshold=500.0)
2026-06-11 23:17:35 | WARNING  | engine | Anomaly — Left Eye | ω=982.04 deg/s (threshold=500.0)
2026-06-11 23:17:35 | WARNING  | engine | Anomaly — Left Eye | ω=578.04 deg/s (threshold=500.0)
2026-06-11 23:17:35 | WARNING  | engine | Anomaly — Left Eye | ω=-2282.05 deg/s (threshold=500.0)
2026-06-11 23:17:35 | WARNING  | engine | Anomaly — Right Eye | ω=617.84 deg/s (threshold=500.0)
2026-06-11 23:17:35 | WARNING  | engine | Anomaly — Left Eye | ω=790.83 deg/s (threshold=500.0)
2026-06-11 23:17:37 | WARNING  | engine | Anomaly — Left Eye | ω=618.87 deg/s (threshold=500.0)
2026-06-11 23:17:38 | WARNING  | engine | Anomaly — Right Eye | ω=560.47 deg/s (threshold=500.0)
2026-06-11 23:17:39 | WARNING  | engine | Anomaly — Left Eye | ω=-629.56 deg/s (threshold=500.0)
2026-06-11 23:17:39 | WARNING  | engine | Anomaly — Left Eye | ω=758.21 deg/s (threshold=500.0)
2026-06-11 23:17:41 | WARNING  | engine | Anomaly — Right Eye | ω=-745.87 deg/s (threshold=500.0)
2026-06-11 23:17:41 | WARNING  | engine | Anomaly — Left Eye | ω=-1243.12 deg/s (threshold=500.0)
2026-06-11 23:17:41 | WARNING  | engine | Anomaly — Left Eye | ω=1233.36 deg/s (threshold=500.0)
2026-06-11 23:17:41 | WARNING  | engine | Anomaly — Right Eye | ω=625.78 deg/s (threshold=500.0)
2026-06-11 23:17:42 | WARNING  | engine | Anomaly — Left Eye | ω=935.34 deg/s (threshold=500.0)
2026-06-11 23:17:42 | WARNING  | engine | Anomaly — Left Eye | ω=-618.70 deg/s (threshold=500.0)
2026-06-11 23:17:42 | WARNING  | engine | Anomaly — Right Eye | ω=-500.81 deg/s (threshold=500.0)
2026-06-11 23:17:43 | WARNING  | engine | Anomaly — Right Eye | ω=523.27 deg/s (threshold=500.0)
2026-06-11 23:17:43 | WARNING  | engine | Anomaly — Left Eye | ω=725.11 deg/s (threshold=500.0)
2026-06-11 23:17:44 | WARNING  | engine | Anomaly — Right Eye | ω=-621.87 deg/s (threshold=500.0)
2026-06-11 23:17:46 | WARNING  | engine | Anomaly — Right Eye | ω=-609.47 deg/s (threshold=500.0)
2026-06-11 23:17:46 | WARNING  | engine | Anomaly — Left Eye | ω=-562.59 deg/s (threshold=500.0)
2026-06-11 23:17:46 | WARNING  | engine | Anomaly — Right Eye | ω=-852.72 deg/s (threshold=500.0)
2026-06-11 23:17:46 | WARNING  | engine | Anomaly — Left Eye | ω=-1218.16 deg/s (threshold=500.0)
2026-06-11 23:17:46 | WARNING  | engine | Anomaly — Left Eye | ω=1223.67 deg/s (threshold=500.0)
2026-06-11 23:17:46 | WARNING  | engine | Anomaly — Left Eye | ω=-1220.83 deg/s (threshold=500.0)
2026-06-11 23:17:46 | WARNING  | engine | Anomaly — Right Eye | ω=1229.85 deg/s (threshold=500.0)
2026-06-11 23:17:47 | WARNING  | engine | Anomaly — Left Eye | ω=614.67 deg/s (threshold=500.0)
2026-06-11 23:17:47 | WARNING  | engine | Anomaly — Left Eye | ω=-939.42 deg/s (threshold=500.0)
2026-06-11 23:17:47 | WARNING  | engine | Anomaly — Right Eye | ω=-994.97 deg/s (threshold=500.0)
2026-06-11 23:17:47 | WARNING  | engine | Anomaly — Left Eye | ω=-516.55 deg/s (threshold=500.0)
2026-06-11 23:17:47 | WARNING  | engine | Anomaly — Left Eye | ω=-585.89 deg/s (threshold=500.0)
2026-06-11 23:17:47 | WARNING  | engine | Anomaly — Right Eye | ω=-1403.97 deg/s (threshold=500.0)
2026-06-11 23:17:48 | WARNING  | engine | Anomaly — Left Eye | ω=1065.20 deg/s (threshold=500.0)
2026-06-11 23:17:48 | WARNING  | engine | Anomaly — Right Eye | ω=1539.92 deg/s (threshold=500.0)
2026-06-11 23:17:48 | WARNING  | engine | Anomaly — Left Eye | ω=2877.72 deg/s (threshold=500.0)
2026-06-11 23:17:48 | WARNING  | engine | Anomaly — Left Eye | ω=-1220.94 deg/s (threshold=500.0)
2026-06-11 23:17:48 | WARNING  | engine | Anomaly — Left Eye | ω=531.10 deg/s (threshold=500.0)
2026-06-11 23:17:48 | WARNING  | engine | Anomaly — Right Eye | ω=-736.69 deg/s (threshold=500.0)
2026-06-11 23:17:49 | WARNING  | engine | Anomaly — Right Eye | ω=564.50 deg/s (threshold=500.0)
2026-06-11 23:17:50 | WARNING  | engine | Anomaly — Right Eye | ω=763.75 deg/s (threshold=500.0)
2026-06-11 23:17:52 | WARNING  | engine | Anomaly — Right Eye | ω=-551.01 deg/s (threshold=500.0)
2026-06-11 23:17:52 | WARNING  | engine | Anomaly — Right Eye | ω=740.01 deg/s (threshold=500.0)
2026-06-11 23:17:53 | WARNING  | engine | Anomaly — Left Eye | ω=558.60 deg/s (threshold=500.0)
2026-06-11 23:17:54 | WARNING  | engine | Anomaly — Right Eye | ω=-904.18 deg/s (threshold=500.0)
2026-06-11 23:17:54 | WARNING  | engine | Anomaly — Left Eye | ω=-1808.37 deg/s (threshold=500.0)
2026-06-11 23:17:54 | WARNING  | engine | Anomaly — Right Eye | ω=-918.99 deg/s (threshold=500.0)
2026-06-11 23:17:54 | WARNING  | engine | Anomaly — Left Eye | ω=544.59 deg/s (threshold=500.0)
2026-06-11 23:17:54 | WARNING  | engine | Anomaly — Left Eye | ω=-561.41 deg/s (threshold=500.0)
2026-06-11 23:17:54 | WARNING  | engine | Anomaly — Left Eye | ω=554.45 deg/s (threshold=500.0)
2026-06-11 23:17:55 | WARNING  | engine | Anomaly — Left Eye | ω=748.76 deg/s (threshold=500.0)
2026-06-11 23:17:56 | WARNING  | engine | Anomaly — Right Eye | ω=-726.55 deg/s (threshold=500.0)
2026-06-11 23:17:56 | WARNING  | engine | Anomaly — Left Eye | ω=-1391.07 deg/s (threshold=500.0)
2026-06-11 23:17:56 | WARNING  | engine | Anomaly — Left Eye | ω=-915.86 deg/s (threshold=500.0)
2026-06-11 23:17:56 | WARNING  | engine | Anomaly — Left Eye | ω=-907.55 deg/s (threshold=500.0)
2026-06-11 23:17:56 | WARNING  | engine | Anomaly — Left Eye | ω=903.16 deg/s (threshold=500.0)
2026-06-11 23:17:56 | WARNING  | engine | Anomaly — Right Eye | ω=923.08 deg/s (threshold=500.0)
2026-06-11 23:17:56 | WARNING  | engine | Anomaly — Right Eye | ω=-879.12 deg/s (threshold=500.0)
2026-06-11 23:17:56 | WARNING  | engine | Anomaly — Right Eye | ω=912.51 deg/s (threshold=500.0)
2026-06-11 23:17:57 | WARNING  | engine | Anomaly — Left Eye | ω=-898.07 deg/s (threshold=500.0)
2026-06-11 23:17:58 | WARNING  | engine | Anomaly — Left Eye | ω=-699.32 deg/s (threshold=500.0)
2026-06-11 23:17:59 | WARNING  | engine | Anomaly — Right Eye | ω=-554.75 deg/s (threshold=500.0)
2026-06-11 23:17:59 | WARNING  | engine | Anomaly — Right Eye | ω=-611.71 deg/s (threshold=500.0)
2026-06-11 23:17:59 | WARNING  | engine | Anomaly — Left Eye | ω=-1005.86 deg/s (threshold=500.0)
2026-06-11 23:17:59 | WARNING  | engine | Anomaly — Left Eye | ω=-591.00 deg/s (threshold=500.0)
2026-06-11 23:18:00 | WARNING  | engine | Anomaly — Left Eye | ω=510.13 deg/s (threshold=500.0)
2026-06-11 23:18:00 | INFO     | engine | Quit signal received from display window.
2026-06-11 23:18:00 | INFO     | engine | Capture loop exited — total records: 2144
2026-06-11 23:18:00 | INFO     | engine | Shutting down OcularTelemetryEngine …
2026-06-11 23:18:00 | DEBUG    | engine | Camera released.
2026-06-11 23:18:00 | DEBUG    | engine | FaceMesh context closed.
2026-06-11 23:18:00 | DEBUG    | engine | OpenCV windows destroyed.
2026-06-11 23:18:00 | INFO     | logger | ======================================================================
2026-06-11 23:18:00 | INFO     | logger |   FINAL DIAGNOSTIC OCULAR REPORT
2026-06-11 23:18:00 | INFO     | logger | ======================================================================
2026-06-11 23:18:00 | INFO     | logger | Total records captured: 2144
2026-06-11 23:18:00 | INFO     | logger | Anomalies detected    : 216
2026-06-11 23:18:00 | ERROR    | logger | Failed to write report: [Errno 13] Permission denied: 'eye_movement_telemetry_report.csv'
2026-06-11 23:18:00 | INFO     | engine | Shutdown complete.
